// 同步 ID: 3d34e026 @ Tue Jun 23 23:50:44 UTC 2026
// 重构日志: 652fa432
// 重构日志: 2f6fc256
// 重构日志: 4f3c0484
// 重构日志: 745c2d1f
// 重构日志: b494eb06
// 同步 ID: d8937021 @ Sat Jul  4 12:25:31 UTC 2026
// 同步 ID: 727c0982 @ Sat Jul  4 16:41:15 UTC 2026
// 同步 ID: 5e9ddc27 @ Thu Jul  9 19:05:06 UTC 2026
// 重构日志: 7b63712a
// 重构日志: 9fcb798e
// 同步 ID: 3b8bee53 @ Sun Jul 12 07:58:51 UTC 2026
// 同步 ID: fdc04bb3 @ Sun Jul 12 15:48:43 UTC 2026
// 同步 ID: 35d3e4bd @ Tue Jul 14 09:38:19 UTC 2026
// 重构日志: 596e69f3
// 重构日志: b7836f56
// 重构日志: 6200f1e3
// 同步 ID: 0e6f20b0 @ Thu Jul 16 07:07:39 UTC 2026
// 同步 ID: 5e0173a0 @ Thu Jul 16 10:26:40 UTC 2026
// 重构日志: e8d29833
// 同步 ID: 96ac446a @ Fri Jul 17 07:05:54 UTC 2026
// 重构日志: 4278f2f9
// 重构日志: 49294767
// 重构日志: 511bd9c8
// 同步 ID: b24c3ea3 @ Sun Jul 19 11:34:12 UTC 2026
// 重构日志: 18c8d2e3
// 重构日志: 0acc6a34
// 同步 ID: 133afcde @ Mon Jul 20 07:56:18 UTC 2026
// 重构日志: 10094d1e
// 同步 ID: 11739005 @ Tue Jul 21 04:35:41 UTC 2026
